06-Jun-2017 21:24:22.751 INFO [main] org.apache.catalina.startup.VersionLoggerListener.log Server version:        Apache Tomcat/8.0.35
06-Jun-2017 21:24:22.767 INFO [main] org.apache.catalina.startup.VersionLoggerListener.log Server built:          May 11 2016 21:57:08 UTC
06-Jun-2017 21:24:22.767 INFO [main] org.apache.catalina.startup.VersionLoggerListener.log Server number:         8.0.35.0
06-Jun-2017 21:24:22.767 INFO [main] org.apache.catalina.startup.VersionLoggerListener.log OS Name:               Windows 10
06-Jun-2017 21:24:22.767 INFO [main] org.apache.catalina.startup.VersionLoggerListener.log OS Version:            10.0
06-Jun-2017 21:24:22.767 INFO [main] org.apache.catalina.startup.VersionLoggerListener.log Architecture:          amd64
06-Jun-2017 21:24:22.767 INFO [main] org.apache.catalina.startup.VersionLoggerListener.log Java Home:             E:\java\jdk1.8.0_102\jre
06-Jun-2017 21:24:22.767 INFO [main] org.apache.catalina.startup.VersionLoggerListener.log JVM Version:           1.8.0_102-b14
06-Jun-2017 21:24:22.767 INFO [main] org.apache.catalina.startup.VersionLoggerListener.log JVM Vendor:            Oracle Corporation
06-Jun-2017 21:24:22.767 INFO [main] org.apache.catalina.startup.VersionLoggerListener.log CATALINA_BASE:         E:\JetBrains\apache-tomcat-8.0.35
06-Jun-2017 21:24:22.767 INFO [main] org.apache.catalina.startup.VersionLoggerListener.log CATALINA_HOME:         E:\JetBrains\apache-tomcat-8.0.35
06-Jun-2017 21:24:22.767 INFO [main] org.apache.catalina.startup.VersionLoggerListener.log Command line argument: -Djdk.tls.ephemeralDHKeySize=2048
06-Jun-2017 21:24:22.767 INFO [main] org.apache.catalina.startup.VersionLoggerListener.log Command line argument: -Djava.util.logging.config.file=E:\JetBrains\apache-tomcat-8.0.35\conf\logging.properties
06-Jun-2017 21:24:22.767 INFO [main] org.apache.catalina.startup.VersionLoggerListener.log Command line argument: -Djava.util.logging.manager=org.apache.juli.ClassLoaderLogManager
06-Jun-2017 21:24:22.767 INFO [main] org.apache.catalina.startup.VersionLoggerListener.log Command line argument: -Djava.endorsed.dirs=E:\JetBrains\apache-tomcat-8.0.35\endorsed
06-Jun-2017 21:24:22.767 INFO [main] org.apache.catalina.startup.VersionLoggerListener.log Command line argument: -Dcatalina.base=E:\JetBrains\apache-tomcat-8.0.35
06-Jun-2017 21:24:22.767 INFO [main] org.apache.catalina.startup.VersionLoggerListener.log Command line argument: -Dcatalina.home=E:\JetBrains\apache-tomcat-8.0.35
06-Jun-2017 21:24:22.767 INFO [main] org.apache.catalina.startup.VersionLoggerListener.log Command line argument: -Djava.io.tmpdir=E:\JetBrains\apache-tomcat-8.0.35\temp
06-Jun-2017 21:24:22.767 INFO [main] org.apache.catalina.core.AprLifecycleListener.lifecycleEvent Loaded APR based Apache Tomcat Native library 1.2.7 using APR version 1.5.2.
06-Jun-2017 21:24:22.767 INFO [main] org.apache.catalina.core.AprLifecycleListener.lifecycleEvent APR capabilities: IPv6 [true], sendfile [true], accept filters [false], random [true].
06-Jun-2017 21:24:23.252 INFO [main] org.apache.catalina.core.AprLifecycleListener.initializeSSL OpenSSL successfully initialized (OpenSSL 1.0.2h  3 May 2016)
06-Jun-2017 21:24:23.352 INFO [main] org.apache.coyote.AbstractProtocol.init Initializing ProtocolHandler ["http-apr-8080"]
06-Jun-2017 21:24:23.368 INFO [main] org.apache.coyote.AbstractProtocol.init Initializing ProtocolHandler ["ajp-apr-8009"]
06-Jun-2017 21:24:23.368 INFO [main] org.apache.catalina.startup.Catalina.load Initialization processed in 940 ms
06-Jun-2017 21:24:23.399 INFO [main] org.apache.catalina.core.StandardService.startInternal Starting service Catalina
06-Jun-2017 21:24:23.399 INFO [main] org.apache.catalina.core.StandardEngine.startInternal Starting Servlet Engine: Apache Tomcat/8.0.35
06-Jun-2017 21:24:23.399 INFO [localhost-startStop-1] org.apache.catalina.startup.HostConfig.deployDirectory Deploying web application directory E:\JetBrains\apache-tomcat-8.0.35\webapps\docs
06-Jun-2017 21:24:23.749 INFO [localhost-startStop-1] org.apache.catalina.util.SessionIdGeneratorBase.createSecureRandom Creation of SecureRandom instance for session ID generation using [SHA1PRNG] took [118] milliseconds.
06-Jun-2017 21:24:23.784 INFO [localhost-startStop-1] org.apache.catalina.startup.HostConfig.deployDirectory Deployment of web application directory E:\JetBrains\apache-tomcat-8.0.35\webapps\docs has finished in 385 ms
06-Jun-2017 21:24:23.784 INFO [localhost-startStop-1] org.apache.catalina.startup.HostConfig.deployDirectory Deploying web application directory E:\JetBrains\apache-tomcat-8.0.35\webapps\examples
06-Jun-2017 21:24:24.085 INFO [localhost-startStop-1] org.apache.catalina.startup.HostConfig.deployDirectory Deployment of web application directory E:\JetBrains\apache-tomcat-8.0.35\webapps\examples has finished in 301 ms
06-Jun-2017 21:24:24.085 INFO [localhost-startStop-1] org.apache.catalina.startup.HostConfig.deployDirectory Deploying web application directory E:\JetBrains\apache-tomcat-8.0.35\webapps\host-manager
06-Jun-2017 21:24:24.116 INFO [localhost-startStop-1] org.apache.catalina.startup.HostConfig.deployDirectory Deployment of web application directory E:\JetBrains\apache-tomcat-8.0.35\webapps\host-manager has finished in 31 ms
06-Jun-2017 21:24:24.116 INFO [localhost-startStop-1] org.apache.catalina.startup.HostConfig.deployDirectory Deploying web application directory E:\JetBrains\apache-tomcat-8.0.35\webapps\manager
06-Jun-2017 21:24:24.154 INFO [localhost-startStop-1] org.apache.catalina.startup.HostConfig.deployDirectory Deployment of web application directory E:\JetBrains\apache-tomcat-8.0.35\webapps\manager has finished in 38 ms
06-Jun-2017 21:24:24.154 INFO [localhost-startStop-1] org.apache.catalina.startup.HostConfig.deployDirectory Deploying web application directory E:\JetBrains\apache-tomcat-8.0.35\webapps\ROOT
06-Jun-2017 21:24:24.169 INFO [localhost-startStop-1] org.apache.catalina.startup.HostConfig.deployDirectory Deployment of web application directory E:\JetBrains\apache-tomcat-8.0.35\webapps\ROOT has finished in 15 ms
06-Jun-2017 21:24:24.169 INFO [localhost-startStop-1] org.apache.catalina.startup.HostConfig.deployDirectory Deploying web application directory E:\JetBrains\apache-tomcat-8.0.35\webapps\xrepair
06-Jun-2017 21:24:27.008 INFO [localhost-startStop-1] org.apache.jasper.servlet.TldScanner.scanJars At least one JAR was scanned for TLDs yet contained no TLDs. Enable debug logging for this logger for a complete list of JARs that were scanned but no TLDs were found in them. Skipping unneeded JARs during scanning can improve startup time and JSP compilation time.
06-Jun-2017 21:24:28.063 INFO [localhost-startStop-1] org.apache.catalina.startup.HostConfig.deployDirectory Deployment of web application directory E:\JetBrains\apache-tomcat-8.0.35\webapps\xrepair has finished in 3,894 ms
06-Jun-2017 21:24:28.078 INFO [main] org.apache.coyote.AbstractProtocol.start Starting ProtocolHandler ["http-apr-8080"]
06-Jun-2017 21:24:28.078 INFO [main] org.apache.coyote.AbstractProtocol.start Starting ProtocolHandler ["ajp-apr-8009"]
06-Jun-2017 21:24:28.094 INFO [main] org.apache.catalina.startup.Catalina.start Server startup in 4721 ms
06-Jun-2017 21:27:06.205 INFO [main] org.apache.catalina.startup.VersionLoggerListener.log Server version:        Apache Tomcat/8.0.35
06-Jun-2017 21:27:06.205 INFO [main] org.apache.catalina.startup.VersionLoggerListener.log Server built:          May 11 2016 21:57:08 UTC
06-Jun-2017 21:27:06.205 INFO [main] org.apache.catalina.startup.VersionLoggerListener.log Server number:         8.0.35.0
06-Jun-2017 21:27:06.205 INFO [main] org.apache.catalina.startup.VersionLoggerListener.log OS Name:               Windows 10
06-Jun-2017 21:27:06.205 INFO [main] org.apache.catalina.startup.VersionLoggerListener.log OS Version:            10.0
06-Jun-2017 21:27:06.205 INFO [main] org.apache.catalina.startup.VersionLoggerListener.log Architecture:          amd64
06-Jun-2017 21:27:06.205 INFO [main] org.apache.catalina.startup.VersionLoggerListener.log Java Home:             E:\java\jdk1.8.0_102\jre
06-Jun-2017 21:27:06.205 INFO [main] org.apache.catalina.startup.VersionLoggerListener.log JVM Version:           1.8.0_102-b14
06-Jun-2017 21:27:06.205 INFO [main] org.apache.catalina.startup.VersionLoggerListener.log JVM Vendor:            Oracle Corporation
06-Jun-2017 21:27:06.205 INFO [main] org.apache.catalina.startup.VersionLoggerListener.log CATALINA_BASE:         E:\JetBrains\apache-tomcat-8.0.35
06-Jun-2017 21:27:06.205 INFO [main] org.apache.catalina.startup.VersionLoggerListener.log CATALINA_HOME:         E:\JetBrains\apache-tomcat-8.0.35
06-Jun-2017 21:27:06.215 INFO [main] org.apache.catalina.startup.VersionLoggerListener.log Command line argument: -Djdk.tls.ephemeralDHKeySize=2048
06-Jun-2017 21:27:06.215 INFO [main] org.apache.catalina.startup.VersionLoggerListener.log Command line argument: -Djava.util.logging.config.file=E:\JetBrains\apache-tomcat-8.0.35\conf\logging.properties
06-Jun-2017 21:27:06.215 INFO [main] org.apache.catalina.startup.VersionLoggerListener.log Command line argument: -Djava.util.logging.manager=org.apache.juli.ClassLoaderLogManager
06-Jun-2017 21:27:06.215 INFO [main] org.apache.catalina.startup.VersionLoggerListener.log Command line argument: -Djava.endorsed.dirs=E:\JetBrains\apache-tomcat-8.0.35\endorsed
06-Jun-2017 21:27:06.215 INFO [main] org.apache.catalina.startup.VersionLoggerListener.log Command line argument: -Dcatalina.base=E:\JetBrains\apache-tomcat-8.0.35
06-Jun-2017 21:27:06.215 INFO [main] org.apache.catalina.startup.VersionLoggerListener.log Command line argument: -Dcatalina.home=E:\JetBrains\apache-tomcat-8.0.35
06-Jun-2017 21:27:06.215 INFO [main] org.apache.catalina.startup.VersionLoggerListener.log Command line argument: -Djava.io.tmpdir=E:\JetBrains\apache-tomcat-8.0.35\temp
06-Jun-2017 21:27:06.215 INFO [main] org.apache.catalina.core.AprLifecycleListener.lifecycleEvent Loaded APR based Apache Tomcat Native library 1.2.7 using APR version 1.5.2.
06-Jun-2017 21:27:06.215 INFO [main] org.apache.catalina.core.AprLifecycleListener.lifecycleEvent APR capabilities: IPv6 [true], sendfile [true], accept filters [false], random [true].
06-Jun-2017 21:27:06.726 INFO [main] org.apache.catalina.core.AprLifecycleListener.initializeSSL OpenSSL successfully initialized (OpenSSL 1.0.2h  3 May 2016)
06-Jun-2017 21:27:06.906 INFO [main] org.apache.coyote.AbstractProtocol.init Initializing ProtocolHandler ["http-apr-8080"]
06-Jun-2017 21:27:06.916 INFO [main] org.apache.coyote.AbstractProtocol.init Initializing ProtocolHandler ["ajp-apr-8009"]
06-Jun-2017 21:27:06.916 INFO [main] org.apache.catalina.startup.Catalina.load Initialization processed in 1042 ms
06-Jun-2017 21:27:06.946 INFO [main] org.apache.catalina.core.StandardService.startInternal Starting service Catalina
06-Jun-2017 21:27:06.946 INFO [main] org.apache.catalina.core.StandardEngine.startInternal Starting Servlet Engine: Apache Tomcat/8.0.35
06-Jun-2017 21:27:06.956 INFO [localhost-startStop-1] org.apache.catalina.startup.HostConfig.deployDirectory Deploying web application directory E:\JetBrains\apache-tomcat-8.0.35\webapps\docs
06-Jun-2017 21:27:07.256 INFO [localhost-startStop-1] org.apache.catalina.startup.HostConfig.deployDirectory Deployment of web application directory E:\JetBrains\apache-tomcat-8.0.35\webapps\docs has finished in 300 ms
06-Jun-2017 21:27:07.256 INFO [localhost-startStop-1] org.apache.catalina.startup.HostConfig.deployDirectory Deploying web application directory E:\JetBrains\apache-tomcat-8.0.35\webapps\examples
06-Jun-2017 21:27:07.538 INFO [localhost-startStop-1] org.apache.catalina.startup.HostConfig.deployDirectory Deployment of web application directory E:\JetBrains\apache-tomcat-8.0.35\webapps\examples has finished in 282 ms
06-Jun-2017 21:27:07.538 INFO [localhost-startStop-1] org.apache.catalina.startup.HostConfig.deployDirectory Deploying web application directory E:\JetBrains\apache-tomcat-8.0.35\webapps\host-manager
06-Jun-2017 21:27:07.568 INFO [localhost-startStop-1] org.apache.catalina.startup.HostConfig.deployDirectory Deployment of web application directory E:\JetBrains\apache-tomcat-8.0.35\webapps\host-manager has finished in 30 ms
06-Jun-2017 21:27:07.568 INFO [localhost-startStop-1] org.apache.catalina.startup.HostConfig.deployDirectory Deploying web application directory E:\JetBrains\apache-tomcat-8.0.35\webapps\manager
06-Jun-2017 21:27:07.607 INFO [localhost-startStop-1] org.apache.catalina.startup.HostConfig.deployDirectory Deployment of web application directory E:\JetBrains\apache-tomcat-8.0.35\webapps\manager has finished in 39 ms
06-Jun-2017 21:27:07.607 INFO [localhost-startStop-1] org.apache.catalina.startup.HostConfig.deployDirectory Deploying web application directory E:\JetBrains\apache-tomcat-8.0.35\webapps\ROOT
06-Jun-2017 21:27:07.627 INFO [localhost-startStop-1] org.apache.catalina.startup.HostConfig.deployDirectory Deployment of web application directory E:\JetBrains\apache-tomcat-8.0.35\webapps\ROOT has finished in 20 ms
06-Jun-2017 21:27:07.627 INFO [localhost-startStop-1] org.apache.catalina.startup.HostConfig.deployDirectory Deploying web application directory E:\JetBrains\apache-tomcat-8.0.35\webapps\xrepair
06-Jun-2017 21:27:10.421 INFO [localhost-startStop-1] org.apache.jasper.servlet.TldScanner.scanJars At least one JAR was scanned for TLDs yet contained no TLDs. Enable debug logging for this logger for a complete list of JARs that were scanned but no TLDs were found in them. Skipping unneeded JARs during scanning can improve startup time and JSP compilation time.
06-Jun-2017 21:27:11.518 INFO [localhost-startStop-1] org.apache.catalina.startup.HostConfig.deployDirectory Deployment of web application directory E:\JetBrains\apache-tomcat-8.0.35\webapps\xrepair has finished in 3,891 ms
06-Jun-2017 21:27:11.538 INFO [main] org.apache.coyote.AbstractProtocol.start Starting ProtocolHandler ["http-apr-8080"]
06-Jun-2017 21:27:11.538 INFO [main] org.apache.coyote.AbstractProtocol.start Starting ProtocolHandler ["ajp-apr-8009"]
06-Jun-2017 21:27:11.548 INFO [main] org.apache.catalina.startup.Catalina.start Server startup in 4624 ms
06-Jun-2017 21:27:29.583 INFO [Thread-3] org.apache.coyote.AbstractProtocol.pause Pausing ProtocolHandler ["http-apr-8080"]
06-Jun-2017 21:27:29.644 INFO [Thread-3] org.apache.coyote.AbstractProtocol.pause Pausing ProtocolHandler ["ajp-apr-8009"]
06-Jun-2017 21:27:29.704 INFO [Thread-3] org.apache.catalina.core.StandardService.stopInternal Stopping service Catalina
06-Jun-2017 21:27:29.733 INFO [Thread-3] org.apache.coyote.AbstractProtocol.stop Stopping ProtocolHandler ["http-apr-8080"]
06-Jun-2017 21:27:29.793 INFO [Thread-3] org.apache.coyote.AbstractProtocol.stop Stopping ProtocolHandler ["ajp-apr-8009"]
06-Jun-2017 21:27:29.844 INFO [Thread-3] org.apache.coyote.AbstractProtocol.destroy Destroying ProtocolHandler ["http-apr-8080"]
06-Jun-2017 21:27:29.844 INFO [Thread-3] org.apache.coyote.AbstractProtocol.destroy Destroying ProtocolHandler ["ajp-apr-8009"]
